Using pre-set license
Built from '2020.3/staging' branch; Version is '2020.3.19f1 (68f137dc9bbe) revision 6877495'; Using compiler version '192528614'; Build Type 'Release'
OS: 'Windows 10 Pro; OS build 19043.1165; Version 2009; 64bit' Language: 'ru' Physical Memory: 8076 MB
BatchMode: 1, IsHumanControllingUs: 0, StartBugReporterOnCrash: 0, Is64bit: 1, IsPro: 0

COMMAND LINE ARGUMENTS:
C:\Program Files\Unity\Hub\Editor\2020.3.19f1\Editor\Unity.exe
-adb2
-batchMode
-noUpm
-name
AssetImportWorker0
-projectPath
C:/tusting/firstexamples/bezsmisla
-logFile
Logs/AssetImportWorker0.log
-srvPort
51310
Successfully changed project path to: C:/tusting/firstexamples/bezsmisla
C:/tusting/firstexamples/bezsmisla
Using Asset Import Pipeline V2.
Refreshing native plugins compatible for Editor in 47.74 ms, found 2 plugins.
Preloading 0 native plugins for Editor in 0.00 ms.
Initialize engine version: 2020.3.19f1 (68f137dc9bbe)
[Subsystems] Discovering subsystems at path C:/Program Files/Unity/Hub/Editor/2020.3.19f1/Editor/Data/Resources/UnitySubsystems
[Subsystems] Discovering subsystems at path C:/tusting/firstexamples/bezsmisla/Assets
GfxDevice: creating device client; threaded=0
Direct3D:
    Version:  Direct3D 11.0 [level 11.1]
    Renderer: NVIDIA GeForce MX150 (ID=0x1d12)
    Vendor:   
    VRAM:     1983 MB
    Driver:   30.0.14.7111
Initialize mono
Mono path[0] = 'C:/Program Files/Unity/Hub/Editor/2020.3.19f1/Editor/Data/Managed'
Mono path[1] = 'C:/Program Files/Unity/Hub/Editor/2020.3.19f1/Editor/Data/MonoBleedingEdge/lib/mono/unityjit'
Mono config path = 'C:/Program Files/Unity/Hub/Editor/2020.3.19f1/Editor/Data/MonoBleedingEdge/etc'
Using monoOptions --debugger-agent=transport=dt_socket,embedding=1,server=y,suspend=n,address=127.0.0.1:56248
Begin MonoManager ReloadAssembly
Registering precompiled unity dll's ...
Register platform support module: C:/Program Files/Unity/Hub/Editor/2020.3.19f1/Editor/Data/PlaybackEngines/WebGLSupport/UnityEditor.WebGL.Extensions.dll
Register platform support module: C:/Program Files/Unity/Hub/Editor/2020.3.19f1/Editor/Data/PlaybackEngines/WindowsStandaloneSupport/UnityEditor.WindowsStandalone.Extensions.dll
Registered in 0.255805 seconds.
Native extension for WindowsStandalone target not found
Native extension for WebGL target not found
Refreshing native plugins compatible for Editor in 33.44 ms, found 2 plugins.
Preloading 0 native plugins for Editor in 0.00 ms.
Mono: successfully reloaded assembly
- Completed reload, in  7.025 seconds
Domain Reload Profiling:
	ReloadAssembly (7025ms)
		BeginReloadAssembly (3282ms)
			ExecutionOrderSort (0ms)
			DisableScriptedObjects (0ms)
			BackupInstance (0ms)
			ReleaseScriptingObjects (0ms)
			CreateAndSetChildDomain (1ms)
		EndReloadAssembly (825ms)
			LoadAssemblies (3290ms)
			RebuildTransferFunctionScriptingTraits (0ms)
			SetupTypeCache (466ms)
			ReleaseScriptCaches (0ms)
			RebuildScriptCaches (71ms)
			SetupLoadedEditorAssemblies (177ms)
				LogAssemblyErrors (0ms)
				InitializePlatformSupportModulesInManaged (5ms)
				SetLoadedEditorAssemblies (0ms)
				RefreshPlugins (34ms)
				BeforeProcessingInitializeOnLoad (20ms)
				ProcessInitializeOnLoadAttributes (84ms)
				ProcessInitializeOnLoadMethodAttributes (34ms)
				AfterProcessingInitializeOnLoad (0ms)
				EditorAssembliesLoaded (0ms)
			ExecutionOrderSort2 (0ms)
			AwakeInstancesAfterBackupRestoration (0ms)
Platform modules already initialized, skipping
Registering precompiled user dll's ...
Registered in 0.609592 seconds.
Begin MonoManager ReloadAssembly
Native extension for WindowsStandalone target not found
Native extension for WebGL target not found
Refreshing native plugins compatible for Editor in 0.37 ms, found 2 plugins.
Preloading 0 native plugins for Editor in 0.00 ms.
Mono: successfully reloaded assembly
- Completed reload, in  3.054 seconds
Domain Reload Profiling:
	ReloadAssembly (3059ms)
		BeginReloadAssembly (162ms)
			ExecutionOrderSort (0ms)
			DisableScriptedObjects (5ms)
			BackupInstance (0ms)
			ReleaseScriptingObjects (0ms)
			CreateAndSetChildDomain (20ms)
		EndReloadAssembly (2830ms)
			LoadAssemblies (1316ms)
			RebuildTransferFunctionScriptingTraits (0ms)
			SetupTypeCache (816ms)
			ReleaseScriptCaches (0ms)
			RebuildScriptCaches (45ms)
			SetupLoadedEditorAssemblies (539ms)
				LogAssemblyErrors (0ms)
				InitializePlatformSupportModulesInManaged (8ms)
				SetLoadedEditorAssemblies (1ms)
				RefreshPlugins (0ms)
				BeforeProcessingInitializeOnLoad (87ms)
				ProcessInitializeOnLoadAttributes (432ms)
				ProcessInitializeOnLoadMethodAttributes (4ms)
				AfterProcessingInitializeOnLoad (7ms)
				EditorAssembliesLoaded (0ms)
			ExecutionOrderSort2 (0ms)
			AwakeInstancesAfterBackupRestoration (7ms)
Platform modules already initialized, skipping
========================================================================
Worker process is ready to serve import requests
Launched and connected shader compiler UnityShaderCompiler.exe after 0.13 seconds
Refreshing native plugins compatible for Editor in 0.37 ms, found 2 plugins.
Preloading 0 native plugins for Editor in 0.00 ms.
Unloading 1402 Unused Serialized files (Serialized files now loaded: 0)
System memory in use before: 65.3 MB.
System memory in use after: 65.4 MB.

Unloading 16 unused Assets to reduce memory usage. Loaded Objects now: 1838.
Total: 3.327800 ms (FindLiveObjects: 0.174900 ms CreateObjectMapping: 0.043100 ms MarkObjects: 3.035600 ms  DeleteObjects: 0.072300 ms)

AssetImportParameters requested are different than current active one (requested -> active):
  custom:framework-win-MediaFoundation: 216162199b28c13a410421893ffa2e32 -> 
  custom:video-decoder-ogg-theora: a1e56fd34408186e4bbccfd4996cb3dc -> 
  custom:container-muxer-webm: aa71ff27fc2769a1b78a27578f13a17b -> 
  custom:container-demuxer-webm: 4f35f7cbe854078d1ac9338744f61a02 -> 
  custom:container-demuxer-ogg: 62fdf1f143b41e24485cea50d1cbac27 -> 
  custom:video-encoder-webm-vp8: eb34c28f22e8b96e1ab97ce403110664 -> 
  custom:video-decoder-webm-vp8: 9c59270c3fd7afecdb556c50c9e8de78 -> 
  custom:audio-decoder-ogg-vorbis: bf7c407c2cedff20999df2af8eb42d56 -> 
  custom:audio-encoder-webm-vorbis: bf7c407c2cedff20999df2af8eb42d56 -> 
========================================================================
Received Import Request.
  path: Assets/Prefabs/Roadblock 2.prefab
  artifactKey: Guid(03fc13dd4e0078947ba73237f16b106f) Importer(815301076,1909f56bfc062723c751e8b465ee728b)
Start importing Assets/Prefabs/Roadblock 2.prefab using Guid(03fc13dd4e0078947ba73237f16b106f) Importer(815301076,1909f56bfc062723c751e8b465ee728b)  -> (artifact id: 'bf30c4fbc5731b66f337060406b013d1') in 0.148187 seconds 
  Import took 0.151399 seconds .

========================================================================
Received Import Request.
  Time since last request: 9.129369 seconds.
  path: Assets/Prefabs/Roadblock 2.prefab
  artifactKey: Guid(03fc13dd4e0078947ba73237f16b106f) Importer(815301076,1909f56bfc062723c751e8b465ee728b)
Start importing Assets/Prefabs/Roadblock 2.prefab using Guid(03fc13dd4e0078947ba73237f16b106f) Importer(815301076,1909f56bfc062723c751e8b465ee728b)  -> (artifact id: '5d2d02b88b6721b668f9f893c42fc8c9') in 0.018543 seconds 
  Import took 0.022268 seconds .

========================================================================
Received Import Request.
  Time since last request: 28.542309 seconds.
  path: Assets/Prefabs/Roadblock 2.prefab
  artifactKey: Guid(03fc13dd4e0078947ba73237f16b106f) Importer(815301076,1909f56bfc062723c751e8b465ee728b)
Start importing Assets/Prefabs/Roadblock 2.prefab using Guid(03fc13dd4e0078947ba73237f16b106f) Importer(815301076,1909f56bfc062723c751e8b465ee728b)  -> (artifact id: '290ca1327b6eb52e1373c045dd0d917c') in 0.014310 seconds 
  Import took 0.017528 seconds .

========================================================================
Received Import Request.
  Time since last request: 2.997451 seconds.
  path: Assets/Prefabs/Roadblock 2.prefab
  artifactKey: Guid(03fc13dd4e0078947ba73237f16b106f) Importer(815301076,1909f56bfc062723c751e8b465ee728b)
Start importing Assets/Prefabs/Roadblock 2.prefab using Guid(03fc13dd4e0078947ba73237f16b106f) Importer(815301076,1909f56bfc062723c751e8b465ee728b)  -> (artifact id: '987affa798be4d8e97b7f1384b862521') in 0.011795 seconds 
  Import took 0.015619 seconds .

========================================================================
Received Import Request.
  Time since last request: 2.811772 seconds.
  path: Assets/Prefabs/Roadblock 2.prefab
  artifactKey: Guid(03fc13dd4e0078947ba73237f16b106f) Importer(815301076,1909f56bfc062723c751e8b465ee728b)
Start importing Assets/Prefabs/Roadblock 2.prefab using Guid(03fc13dd4e0078947ba73237f16b106f) Importer(815301076,1909f56bfc062723c751e8b465ee728b)  -> (artifact id: '63813e46aa5b1395d3f344ec9fc58af6') in 0.018180 seconds 
  Import took 0.022425 seconds .

========================================================================
Received Import Request.
  Time since last request: 3.217231 seconds.
  path: Assets/Prefabs/Roadblock 2.prefab
  artifactKey: Guid(03fc13dd4e0078947ba73237f16b106f) Importer(815301076,1909f56bfc062723c751e8b465ee728b)
Start importing Assets/Prefabs/Roadblock 2.prefab using Guid(03fc13dd4e0078947ba73237f16b106f) Importer(815301076,1909f56bfc062723c751e8b465ee728b)  -> (artifact id: '03ce6cea8debb8f5f8197b9f3ee0a505') in 0.015815 seconds 
  Import took 0.019549 seconds .

========================================================================
Received Import Request.
  Time since last request: 7.282372 seconds.
  path: Assets/Prefabs/Roadblock 2.prefab
  artifactKey: Guid(03fc13dd4e0078947ba73237f16b106f) Importer(815301076,1909f56bfc062723c751e8b465ee728b)
Start importing Assets/Prefabs/Roadblock 2.prefab using Guid(03fc13dd4e0078947ba73237f16b106f) Importer(815301076,1909f56bfc062723c751e8b465ee728b)  -> (artifact id: 'b4060695ef5fd00af58083ec43741dd7') in 0.016197 seconds 
  Import took 0.019376 seconds .

========================================================================
Received Import Request.
  Time since last request: 5.430367 seconds.
  path: Assets/Prefabs/Roadblock 2.prefab
  artifactKey: Guid(03fc13dd4e0078947ba73237f16b106f) Importer(815301076,1909f56bfc062723c751e8b465ee728b)
Start importing Assets/Prefabs/Roadblock 2.prefab using Guid(03fc13dd4e0078947ba73237f16b106f) Importer(815301076,1909f56bfc062723c751e8b465ee728b)  -> (artifact id: '7e1e36849c02b3eff6d2d9c8bddef94f') in 0.017489 seconds 
  Import took 0.021865 seconds .

========================================================================
Received Import Request.
  Time since last request: 16.233062 seconds.
  path: Assets/Prefabs/Roadblock 2.prefab
  artifactKey: Guid(03fc13dd4e0078947ba73237f16b106f) Importer(815301076,1909f56bfc062723c751e8b465ee728b)
Start importing Assets/Prefabs/Roadblock 2.prefab using Guid(03fc13dd4e0078947ba73237f16b106f) Importer(815301076,1909f56bfc062723c751e8b465ee728b)  -> (artifact id: '6a9fd7dc51ba99fe4963b6247413ab53') in 0.015543 seconds 
  Import took 0.019536 seconds .

========================================================================
Received Import Request.
  Time since last request: 3.801321 seconds.
  path: Assets/Prefabs/Roadblock 2.prefab
  artifactKey: Guid(03fc13dd4e0078947ba73237f16b106f) Importer(815301076,1909f56bfc062723c751e8b465ee728b)
Start importing Assets/Prefabs/Roadblock 2.prefab using Guid(03fc13dd4e0078947ba73237f16b106f) Importer(815301076,1909f56bfc062723c751e8b465ee728b)  -> (artifact id: 'd0c83fa35bd33f68766b40a2dc374041') in 0.016313 seconds 
  Import took 0.020453 seconds .

========================================================================
Received Import Request.
  Time since last request: 5.770905 seconds.
  path: Assets/Prefabs/Roadblock 2.prefab
  artifactKey: Guid(03fc13dd4e0078947ba73237f16b106f) Importer(815301076,1909f56bfc062723c751e8b465ee728b)
Start importing Assets/Prefabs/Roadblock 2.prefab using Guid(03fc13dd4e0078947ba73237f16b106f) Importer(815301076,1909f56bfc062723c751e8b465ee728b)  -> (artifact id: '576c148047408e04985b556361013266') in 0.015356 seconds 
  Import took 0.018203 seconds .

========================================================================
Received Import Request.
  Time since last request: 5.279109 seconds.
  path: Assets/Prefabs/Roadblock 2.prefab
  artifactKey: Guid(03fc13dd4e0078947ba73237f16b106f) Importer(815301076,1909f56bfc062723c751e8b465ee728b)
Start importing Assets/Prefabs/Roadblock 2.prefab using Guid(03fc13dd4e0078947ba73237f16b106f) Importer(815301076,1909f56bfc062723c751e8b465ee728b)  -> (artifact id: '96b77b42f76d12e0826e31d42907824e') in 0.013115 seconds 
  Import took 0.016638 seconds .

========================================================================
Received Import Request.
  Time since last request: 2.827444 seconds.
  path: Assets/Prefabs/Roadblock 2.prefab
  artifactKey: Guid(03fc13dd4e0078947ba73237f16b106f) Importer(815301076,1909f56bfc062723c751e8b465ee728b)
Start importing Assets/Prefabs/Roadblock 2.prefab using Guid(03fc13dd4e0078947ba73237f16b106f) Importer(815301076,1909f56bfc062723c751e8b465ee728b)  -> (artifact id: '4c35996706dc50cb930149588b523585') in 0.011815 seconds 
  Import took 0.014996 seconds .

========================================================================
Received Prepare
Registering precompiled user dll's ...
Registered in 0.003459 seconds.
Begin MonoManager ReloadAssembly
Native extension for WindowsStandalone target not found
Native extension for WebGL target not found
Refreshing native plugins compatible for Editor in 0.34 ms, found 2 plugins.
Preloading 0 native plugins for Editor in 0.00 ms.
Mono: successfully reloaded assembly
- Completed reload, in  1.044 seconds
Domain Reload Profiling:
	ReloadAssembly (1045ms)
		BeginReloadAssembly (142ms)
			ExecutionOrderSort (0ms)
			DisableScriptedObjects (4ms)
			BackupInstance (0ms)
			ReleaseScriptingObjects (0ms)
			CreateAndSetChildDomain (35ms)
		EndReloadAssembly (838ms)
			LoadAssemblies (105ms)
			RebuildTransferFunctionScriptingTraits (0ms)
			SetupTypeCache (308ms)
			ReleaseScriptCaches (1ms)
			RebuildScriptCaches (40ms)
			SetupLoadedEditorAssemblies (291ms)
				LogAssemblyErrors (0ms)
				InitializePlatformSupportModulesInManaged (6ms)
				SetLoadedEditorAssemblies (1ms)
				RefreshPlugins (0ms)
				BeforeProcessingInitializeOnLoad (73ms)
				ProcessInitializeOnLoadAttributes (200ms)
				ProcessInitializeOnLoadMethodAttributes (3ms)
				AfterProcessingInitializeOnLoad (7ms)
				EditorAssembliesLoaded (0ms)
			ExecutionOrderSort2 (0ms)
			AwakeInstancesAfterBackupRestoration (7ms)
Platform modules already initialized, skipping
Refreshing native plugins compatible for Editor in 0.30 ms, found 2 plugins.
Preloading 0 native plugins for Editor in 0.00 ms.
Unloading 1396 Unused Serialized files (Serialized files now loaded: 0)
System memory in use before: 68.3 MB.
System memory in use after: 68.4 MB.

Unloading 12 unused Assets to reduce memory usage. Loaded Objects now: 1849.
Total: 3.068600 ms (FindLiveObjects: 0.152700 ms CreateObjectMapping: 0.043700 ms MarkObjects: 2.849100 ms  DeleteObjects: 0.022100 ms)

AssetImportParameters requested are different than current active one (requested -> active):
  custom:framework-win-MediaFoundation: 216162199b28c13a410421893ffa2e32 -> 
  custom:video-decoder-ogg-theora: a1e56fd34408186e4bbccfd4996cb3dc -> 
  custom:container-muxer-webm: aa71ff27fc2769a1b78a27578f13a17b -> 
  custom:container-demuxer-webm: 4f35f7cbe854078d1ac9338744f61a02 -> 
  custom:container-demuxer-ogg: 62fdf1f143b41e24485cea50d1cbac27 -> 
  custom:video-encoder-webm-vp8: eb34c28f22e8b96e1ab97ce403110664 -> 
  custom:video-decoder-webm-vp8: 9c59270c3fd7afecdb556c50c9e8de78 -> 
  custom:audio-decoder-ogg-vorbis: bf7c407c2cedff20999df2af8eb42d56 -> 
  custom:audio-encoder-webm-vorbis: bf7c407c2cedff20999df2af8eb42d56 -> 
========================================================================
Received Import Request.
  Time since last request: 127.788871 seconds.
  path: Assets/Prefabs/Roadblock 3 (rolling) 1.prefab
  artifactKey: Guid(96ae5d44433eaf84e976d27c756761d3) Importer(815301076,1909f56bfc062723c751e8b465ee728b)
Start importing Assets/Prefabs/Roadblock 3 (rolling) 1.prefab using Guid(96ae5d44433eaf84e976d27c756761d3) Importer(815301076,1909f56bfc062723c751e8b465ee728b)  -> (artifact id: '693017366f29d6ddc063a9e1cfdf20c8') in 0.070499 seconds 
  Import took 0.073190 seconds .

========================================================================
Received Import Request.
  Time since last request: 0.000289 seconds.
  path: Assets/Prefabs/Roadblock 3 (rolling).prefab
  artifactKey: Guid(1f6cdb87eb19c3d44bee3b5faff0730c) Importer(815301076,1909f56bfc062723c751e8b465ee728b)
Start importing Assets/Prefabs/Roadblock 3 (rolling).prefab using Guid(1f6cdb87eb19c3d44bee3b5faff0730c) Importer(815301076,1909f56bfc062723c751e8b465ee728b)  -> (artifact id: 'a6ff4e607dec6a795b3ace972dd23e52') in 0.017676 seconds 
  Import took 0.020320 seconds .

========================================================================
Received Import Request.
  Time since last request: 0.000300 seconds.
  path: Assets/Prefabs/Roadblock 2.prefab
  artifactKey: Guid(03fc13dd4e0078947ba73237f16b106f) Importer(815301076,1909f56bfc062723c751e8b465ee728b)
Start importing Assets/Prefabs/Roadblock 2.prefab using Guid(03fc13dd4e0078947ba73237f16b106f) Importer(815301076,1909f56bfc062723c751e8b465ee728b)  -> (artifact id: '47ea6370779792a93720a46fde90f5f1') in 0.017165 seconds 
  Import took 0.022244 seconds .

========================================================================
Received Import Request.
  Time since last request: 0.000277 seconds.
  path: Assets/Prefabs/Roadblock.prefab
  artifactKey: Guid(82e0eaed90c656c4fa025cd1f88e009c) Importer(815301076,1909f56bfc062723c751e8b465ee728b)
Start importing Assets/Prefabs/Roadblock.prefab using Guid(82e0eaed90c656c4fa025cd1f88e009c) Importer(815301076,1909f56bfc062723c751e8b465ee728b)  -> (artifact id: 'ec93e95316233987b908f1c56b883546') in 0.018981 seconds 
  Import took 0.022471 seconds .

========================================================================
Received Import Request.
  Time since last request: 0.000565 seconds.
  path: Assets/Prefabs/Roadblock 1.prefab
  artifactKey: Guid(a668c25b8fb23b640bbe2c1ee33da58e) Importer(815301076,1909f56bfc062723c751e8b465ee728b)
Start importing Assets/Prefabs/Roadblock 1.prefab using Guid(a668c25b8fb23b640bbe2c1ee33da58e) Importer(815301076,1909f56bfc062723c751e8b465ee728b)  -> (artifact id: 'e49bd2e3012370845d0700474e770e4c') in 0.014668 seconds 
  Import took 0.017737 seconds .

========================================================================
Received Import Request.
  Time since last request: 2.132828 seconds.
  path: Assets/Prefabs/Roadblock 2.prefab
  artifactKey: Guid(03fc13dd4e0078947ba73237f16b106f) Importer(815301076,1909f56bfc062723c751e8b465ee728b)
Start importing Assets/Prefabs/Roadblock 2.prefab using Guid(03fc13dd4e0078947ba73237f16b106f) Importer(815301076,1909f56bfc062723c751e8b465ee728b)  -> (artifact id: 'ce449f578ece3c35acaae3204e2e0f06') in 0.011963 seconds 
  Import took 0.015048 seconds .

========================================================================
Received Import Request.
  Time since last request: 97.140948 seconds.
  path: Assets/Prefabs/Roadblock 1.prefab
  artifactKey: Guid(a668c25b8fb23b640bbe2c1ee33da58e) Importer(815301076,1909f56bfc062723c751e8b465ee728b)
Start importing Assets/Prefabs/Roadblock 1.prefab using Guid(a668c25b8fb23b640bbe2c1ee33da58e) Importer(815301076,1909f56bfc062723c751e8b465ee728b)  -> (artifact id: 'b63efd4bd3e90fc30c2af8e77462b652') in 0.015699 seconds 
  Import took 0.019929 seconds .

========================================================================
Received Import Request.
  Time since last request: 12.997742 seconds.
  path: Assets/Prefabs/Roadblock 1.prefab
  artifactKey: Guid(a668c25b8fb23b640bbe2c1ee33da58e) Importer(815301076,1909f56bfc062723c751e8b465ee728b)
Start importing Assets/Prefabs/Roadblock 1.prefab using Guid(a668c25b8fb23b640bbe2c1ee33da58e) Importer(815301076,1909f56bfc062723c751e8b465ee728b)  -> (artifact id: '6b7dadf4152e6ce8fbe483273b2def0b') in 0.012672 seconds 
  Import took 0.015883 seconds .

========================================================================
Received Import Request.
  Time since last request: 29.067354 seconds.
  path: Assets/Prefabs/Roadblock 3 (rolling) 1.prefab
  artifactKey: Guid(96ae5d44433eaf84e976d27c756761d3) Importer(815301076,1909f56bfc062723c751e8b465ee728b)
Start importing Assets/Prefabs/Roadblock 3 (rolling) 1.prefab using Guid(96ae5d44433eaf84e976d27c756761d3) Importer(815301076,1909f56bfc062723c751e8b465ee728b)  -> (artifact id: 'dbc165bb8cab330fe72c8ebfee8dd310') in 0.016675 seconds 
  Import took 0.021198 seconds .

========================================================================
Received Import Request.
  Time since last request: 14.911733 seconds.
  path: Assets/Prefabs/Roadblock 3 (rolling) 1.prefab
  artifactKey: Guid(96ae5d44433eaf84e976d27c756761d3) Importer(815301076,1909f56bfc062723c751e8b465ee728b)
Start importing Assets/Prefabs/Roadblock 3 (rolling) 1.prefab using Guid(96ae5d44433eaf84e976d27c756761d3) Importer(815301076,1909f56bfc062723c751e8b465ee728b)  -> (artifact id: '7e4ba80e22f56493d00d9e2c28bfcb8d') in 0.016247 seconds 
  Import took 0.019428 seconds .

========================================================================
Received Import Request.
  Time since last request: 2.622460 seconds.
  path: Assets/Prefabs/Roadblock 3 (rolling) 1.prefab
  artifactKey: Guid(96ae5d44433eaf84e976d27c756761d3) Importer(815301076,1909f56bfc062723c751e8b465ee728b)
Start importing Assets/Prefabs/Roadblock 3 (rolling) 1.prefab using Guid(96ae5d44433eaf84e976d27c756761d3) Importer(815301076,1909f56bfc062723c751e8b465ee728b)  -> (artifact id: '133f21ad75d81a8bbd6e842e37fe94dd') in 0.011402 seconds 
  Import took 0.015565 seconds .

========================================================================
Received Import Request.
  Time since last request: 5.234119 seconds.
  path: Assets/Prefabs/Roadblock 3 (rolling).prefab
  artifactKey: Guid(1f6cdb87eb19c3d44bee3b5faff0730c) Importer(815301076,1909f56bfc062723c751e8b465ee728b)
Start importing Assets/Prefabs/Roadblock 3 (rolling).prefab using Guid(1f6cdb87eb19c3d44bee3b5faff0730c) Importer(815301076,1909f56bfc062723c751e8b465ee728b)  -> (artifact id: '015a95e6a3b49655e626a6c285538a33') in 0.016597 seconds 
  Import took 0.019500 seconds .

========================================================================
Received Import Request.
  Time since last request: 6.443752 seconds.
  path: Assets/Prefabs/Roadblock 3 (rolling).prefab
  artifactKey: Guid(1f6cdb87eb19c3d44bee3b5faff0730c) Importer(815301076,1909f56bfc062723c751e8b465ee728b)
Start importing Assets/Prefabs/Roadblock 3 (rolling).prefab using Guid(1f6cdb87eb19c3d44bee3b5faff0730c) Importer(815301076,1909f56bfc062723c751e8b465ee728b)  -> (artifact id: 'dbe5eb4bd25a1508f4a40d330d9fd1e7') in 0.015334 seconds 
  Import took 0.019714 seconds .

========================================================================
Received Import Request.
  Time since last request: 3.034775 seconds.
  path: Assets/Prefabs/Roadblock.prefab
  artifactKey: Guid(82e0eaed90c656c4fa025cd1f88e009c) Importer(815301076,1909f56bfc062723c751e8b465ee728b)
Start importing Assets/Prefabs/Roadblock.prefab using Guid(82e0eaed90c656c4fa025cd1f88e009c) Importer(815301076,1909f56bfc062723c751e8b465ee728b)  -> (artifact id: 'd53d356d52d860928140d7c55fe6bf3f') in 0.015893 seconds 
  Import took 0.019377 seconds .

========================================================================
Received Import Request.
  Time since last request: 3.398415 seconds.
  path: Assets/Prefabs/Roadblock.prefab
  artifactKey: Guid(82e0eaed90c656c4fa025cd1f88e009c) Importer(815301076,1909f56bfc062723c751e8b465ee728b)
Start importing Assets/Prefabs/Roadblock.prefab using Guid(82e0eaed90c656c4fa025cd1f88e009c) Importer(815301076,1909f56bfc062723c751e8b465ee728b)  -> (artifact id: '04d244cb426d81cb53e5c2a44e0ce39c') in 0.015942 seconds 
  Import took 0.019094 seconds .

========================================================================
Received Import Request.
  Time since last request: 2.260079 seconds.
  path: Assets/Prefabs/Roadblock.prefab
  artifactKey: Guid(82e0eaed90c656c4fa025cd1f88e009c) Importer(815301076,1909f56bfc062723c751e8b465ee728b)
Start importing Assets/Prefabs/Roadblock.prefab using Guid(82e0eaed90c656c4fa025cd1f88e009c) Importer(815301076,1909f56bfc062723c751e8b465ee728b)  -> (artifact id: '3b0338d536cfbb79f27a61bcbdefa264') in 0.011244 seconds 
  Import took 0.014258 seconds .

========================================================================
Received Prepare
Registering precompiled user dll's ...
Registered in 0.003354 seconds.
Begin MonoManager ReloadAssembly
Native extension for WindowsStandalone target not found
Native extension for WebGL target not found
Refreshing native plugins compatible for Editor in 0.31 ms, found 2 plugins.
Preloading 0 native plugins for Editor in 0.00 ms.
Mono: successfully reloaded assembly
- Completed reload, in  1.144 seconds
Domain Reload Profiling:
	ReloadAssembly (1145ms)
		BeginReloadAssembly (139ms)
			ExecutionOrderSort (0ms)
			DisableScriptedObjects (4ms)
			BackupInstance (0ms)
			ReleaseScriptingObjects (0ms)
			CreateAndSetChildDomain (35ms)
		EndReloadAssembly (925ms)
			LoadAssemblies (115ms)
			RebuildTransferFunctionScriptingTraits (0ms)
			SetupTypeCache (343ms)
			ReleaseScriptCaches (1ms)
			RebuildScriptCaches (45ms)
			SetupLoadedEditorAssemblies (328ms)
				LogAssemblyErrors (0ms)
				InitializePlatformSupportModulesInManaged (7ms)
				SetLoadedEditorAssemblies (0ms)
				RefreshPlugins (0ms)
				BeforeProcessingInitializeOnLoad (74ms)
				ProcessInitializeOnLoadAttributes (236ms)
				ProcessInitializeOnLoadMethodAttributes (4ms)
				AfterProcessingInitializeOnLoad (7ms)
				EditorAssembliesLoaded (0ms)
			ExecutionOrderSort2 (0ms)
			AwakeInstancesAfterBackupRestoration (8ms)
Platform modules already initialized, skipping
Refreshing native plugins compatible for Editor in 0.31 ms, found 2 plugins.
Preloading 0 native plugins for Editor in 0.00 ms.
Unloading 1396 Unused Serialized files (Serialized files now loaded: 0)
System memory in use before: 68.4 MB.
System memory in use after: 68.5 MB.

Unloading 12 unused Assets to reduce memory usage. Loaded Objects now: 1852.
Total: 3.258500 ms (FindLiveObjects: 0.139600 ms CreateObjectMapping: 0.040100 ms MarkObjects: 3.046000 ms  DeleteObjects: 0.031200 ms)

AssetImportParameters requested are different than current active one (requested -> active):
  custom:framework-win-MediaFoundation: 216162199b28c13a410421893ffa2e32 -> 
  custom:video-decoder-ogg-theora: a1e56fd34408186e4bbccfd4996cb3dc -> 
  custom:container-muxer-webm: aa71ff27fc2769a1b78a27578f13a17b -> 
  custom:container-demuxer-webm: 4f35f7cbe854078d1ac9338744f61a02 -> 
  custom:container-demuxer-ogg: 62fdf1f143b41e24485cea50d1cbac27 -> 
  custom:video-encoder-webm-vp8: eb34c28f22e8b96e1ab97ce403110664 -> 
  custom:video-decoder-webm-vp8: 9c59270c3fd7afecdb556c50c9e8de78 -> 
  custom:audio-decoder-ogg-vorbis: bf7c407c2cedff20999df2af8eb42d56 -> 
  custom:audio-encoder-webm-vorbis: bf7c407c2cedff20999df2af8eb42d56 -> 
========================================================================
Received Import Request.
  Time since last request: 60.867690 seconds.
  path: Assets/Prefabs/Roadblock 3 (rolling) 1.prefab
  artifactKey: Guid(96ae5d44433eaf84e976d27c756761d3) Importer(815301076,1909f56bfc062723c751e8b465ee728b)
Start importing Assets/Prefabs/Roadblock 3 (rolling) 1.prefab using Guid(96ae5d44433eaf84e976d27c756761d3) Importer(815301076,1909f56bfc062723c751e8b465ee728b)  -> (artifact id: '72ea714861f61288af5747665f9c47e2') in 0.055407 seconds 
  Import took 0.058273 seconds .

========================================================================
Received Import Request.
  Time since last request: 0.000318 seconds.
  path: Assets/Prefabs/Roadblock 3 (rolling).prefab
  artifactKey: Guid(1f6cdb87eb19c3d44bee3b5faff0730c) Importer(815301076,1909f56bfc062723c751e8b465ee728b)
Start importing Assets/Prefabs/Roadblock 3 (rolling).prefab using Guid(1f6cdb87eb19c3d44bee3b5faff0730c) Importer(815301076,1909f56bfc062723c751e8b465ee728b)  -> (artifact id: '8c214997b8eb43bdd6245d7592577bb5') in 0.014673 seconds 
  Import took 0.018290 seconds .

========================================================================
Received Import Request.
  Time since last request: 0.000249 seconds.
  path: Assets/Prefabs/Roadblock 2.prefab
  artifactKey: Guid(03fc13dd4e0078947ba73237f16b106f) Importer(815301076,1909f56bfc062723c751e8b465ee728b)
Start importing Assets/Prefabs/Roadblock 2.prefab using Guid(03fc13dd4e0078947ba73237f16b106f) Importer(815301076,1909f56bfc062723c751e8b465ee728b)  -> (artifact id: 'b0c7b87fc736addf9da0d52bcc56c131') in 0.014488 seconds 
  Import took 0.017906 seconds .

========================================================================
Received Import Request.
  Time since last request: 0.000311 seconds.
  path: Assets/Prefabs/Roadblock.prefab
  artifactKey: Guid(82e0eaed90c656c4fa025cd1f88e009c) Importer(815301076,1909f56bfc062723c751e8b465ee728b)
Start importing Assets/Prefabs/Roadblock.prefab using Guid(82e0eaed90c656c4fa025cd1f88e009c) Importer(815301076,1909f56bfc062723c751e8b465ee728b)  -> (artifact id: 'd2210d11d3d7db95cc32c6baee4aba5f') in 0.013655 seconds 
  Import took 0.016742 seconds .

========================================================================
Received Import Request.
  Time since last request: 0.000288 seconds.
  path: Assets/Prefabs/Roadblock 1.prefab
  artifactKey: Guid(a668c25b8fb23b640bbe2c1ee33da58e) Importer(815301076,1909f56bfc062723c751e8b465ee728b)
Start importing Assets/Prefabs/Roadblock 1.prefab using Guid(a668c25b8fb23b640bbe2c1ee33da58e) Importer(815301076,1909f56bfc062723c751e8b465ee728b)  -> (artifact id: '2a5dbc30b4f4bde747956bf1b6516ec9') in 0.010249 seconds 
  Import took 0.014224 seconds .

========================================================================
Received Import Request.
  Time since last request: 24.010026 seconds.
  path: Assets/Prefabs/Roadblock 1.prefab
  artifactKey: Guid(a668c25b8fb23b640bbe2c1ee33da58e) Importer(815301076,1909f56bfc062723c751e8b465ee728b)
Start importing Assets/Prefabs/Roadblock 1.prefab using Guid(a668c25b8fb23b640bbe2c1ee33da58e) Importer(815301076,1909f56bfc062723c751e8b465ee728b)  -> (artifact id: '32601ae934a2aab08e0613a4906e8e7b') in 0.010940 seconds 
  Import took 0.013761 seconds .

========================================================================
Received Import Request.
  Time since last request: 2.244240 seconds.
  path: Assets/Prefabs/Roadblock 2.prefab
  artifactKey: Guid(03fc13dd4e0078947ba73237f16b106f) Importer(815301076,1909f56bfc062723c751e8b465ee728b)
Start importing Assets/Prefabs/Roadblock 2.prefab using Guid(03fc13dd4e0078947ba73237f16b106f) Importer(815301076,1909f56bfc062723c751e8b465ee728b)  -> (artifact id: '2a5bfa564e6ceacb726ff4d186df1674') in 0.010890 seconds 
  Import took 0.013776 seconds .

========================================================================
Received Import Request.
  Time since last request: 3.890628 seconds.
  path: Assets/Prefabs/Roadblock 3 (rolling) 1.prefab
  artifactKey: Guid(96ae5d44433eaf84e976d27c756761d3) Importer(815301076,1909f56bfc062723c751e8b465ee728b)
Start importing Assets/Prefabs/Roadblock 3 (rolling) 1.prefab using Guid(96ae5d44433eaf84e976d27c756761d3) Importer(815301076,1909f56bfc062723c751e8b465ee728b)  -> (artifact id: 'e0b86b1f31567e33f5665eaaa29df27c') in 0.013017 seconds 
  Import took 0.017003 seconds .

========================================================================
Received Import Request.
  Time since last request: 3.609641 seconds.
  path: Assets/Prefabs/Roadblock 3 (rolling).prefab
  artifactKey: Guid(1f6cdb87eb19c3d44bee3b5faff0730c) Importer(815301076,1909f56bfc062723c751e8b465ee728b)
Start importing Assets/Prefabs/Roadblock 3 (rolling).prefab using Guid(1f6cdb87eb19c3d44bee3b5faff0730c) Importer(815301076,1909f56bfc062723c751e8b465ee728b)  -> (artifact id: 'e224f5572aeb458d822d1a99b22884c3') in 0.015075 seconds 
  Import took 0.018103 seconds .

========================================================================
Received Import Request.
  Time since last request: 5.443288 seconds.
  path: Assets/Prefabs/Roadblock.prefab
  artifactKey: Guid(82e0eaed90c656c4fa025cd1f88e009c) Importer(815301076,1909f56bfc062723c751e8b465ee728b)
Start importing Assets/Prefabs/Roadblock.prefab using Guid(82e0eaed90c656c4fa025cd1f88e009c) Importer(815301076,1909f56bfc062723c751e8b465ee728b)  -> (artifact id: 'fad1791bf85f7082508f85a8d6c48498') in 0.012106 seconds 
  Import took 0.015804 seconds .

========================================================================
Received Prepare
Registering precompiled user dll's ...
Registered in 0.002872 seconds.
Begin MonoManager ReloadAssembly
Native extension for WindowsStandalone target not found
Native extension for WebGL target not found
Refreshing native plugins compatible for Editor in 0.31 ms, found 2 plugins.
Preloading 0 native plugins for Editor in 0.00 ms.
Mono: successfully reloaded assembly
- Completed reload, in  1.143 seconds
Domain Reload Profiling:
	ReloadAssembly (1143ms)
		BeginReloadAssembly (140ms)
			ExecutionOrderSort (0ms)
			DisableScriptedObjects (5ms)
			BackupInstance (0ms)
			ReleaseScriptingObjects (0ms)
			CreateAndSetChildDomain (44ms)
		EndReloadAssembly (932ms)
			LoadAssemblies (104ms)
			RebuildTransferFunctionScriptingTraits (0ms)
			SetupTypeCache (307ms)
			ReleaseScriptCaches (1ms)
			RebuildScriptCaches (45ms)
			SetupLoadedEditorAssemblies (340ms)
				LogAssemblyErrors (0ms)
				InitializePlatformSupportModulesInManaged (7ms)
				SetLoadedEditorAssemblies (0ms)
				RefreshPlugins (0ms)
				BeforeProcessingInitializeOnLoad (81ms)
				ProcessInitializeOnLoadAttributes (235ms)
				ProcessInitializeOnLoadMethodAttributes (5ms)
				AfterProcessingInitializeOnLoad (10ms)
				EditorAssembliesLoaded (0ms)
			ExecutionOrderSort2 (0ms)
			AwakeInstancesAfterBackupRestoration (10ms)
Platform modules already initialized, skipping
Refreshing native plugins compatible for Editor in 0.34 ms, found 2 plugins.
Preloading 0 native plugins for Editor in 0.00 ms.
Unloading 1396 Unused Serialized files (Serialized files now loaded: 0)
System memory in use before: 68.4 MB.
System memory in use after: 68.5 MB.

Unloading 12 unused Assets to reduce memory usage. Loaded Objects now: 1855.
Total: 3.484700 ms (FindLiveObjects: 0.156200 ms CreateObjectMapping: 0.042400 ms MarkObjects: 3.204100 ms  DeleteObjects: 0.079700 ms)

AssetImportParameters requested are different than current active one (requested -> active):
  custom:framework-win-MediaFoundation: 216162199b28c13a410421893ffa2e32 -> 
  custom:video-decoder-ogg-theora: a1e56fd34408186e4bbccfd4996cb3dc -> 
  custom:container-muxer-webm: aa71ff27fc2769a1b78a27578f13a17b -> 
  custom:container-demuxer-webm: 4f35f7cbe854078d1ac9338744f61a02 -> 
  custom:container-demuxer-ogg: 62fdf1f143b41e24485cea50d1cbac27 -> 
  custom:video-encoder-webm-vp8: eb34c28f22e8b96e1ab97ce403110664 -> 
  custom:video-decoder-webm-vp8: 9c59270c3fd7afecdb556c50c9e8de78 -> 
  custom:audio-decoder-ogg-vorbis: bf7c407c2cedff20999df2af8eb42d56 -> 
  custom:audio-encoder-webm-vorbis: bf7c407c2cedff20999df2af8eb42d56 -> 
========================================================================
Received Prepare
Registering precompiled user dll's ...
Registered in 0.002896 seconds.
Begin MonoManager ReloadAssembly
Native extension for WindowsStandalone target not found
Native extension for WebGL target not found
Refreshing native plugins compatible for Editor in 0.36 ms, found 2 plugins.
Preloading 0 native plugins for Editor in 0.00 ms.
Mono: successfully reloaded assembly
- Completed reload, in  1.177 seconds
Domain Reload Profiling:
	ReloadAssembly (1177ms)
		BeginReloadAssembly (126ms)
			ExecutionOrderSort (0ms)
			DisableScriptedObjects (5ms)
			BackupInstance (0ms)
			ReleaseScriptingObjects (0ms)
			CreateAndSetChildDomain (34ms)
		EndReloadAssembly (987ms)
			LoadAssemblies (92ms)
			RebuildTransferFunctionScriptingTraits (0ms)
			SetupTypeCache (353ms)
			ReleaseScriptCaches (1ms)
			RebuildScriptCaches (57ms)
			SetupLoadedEditorAssemblies (379ms)
				LogAssemblyErrors (0ms)
				InitializePlatformSupportModulesInManaged (6ms)
				SetLoadedEditorAssemblies (1ms)
				RefreshPlugins (0ms)
				BeforeProcessingInitializeOnLoad (75ms)
				ProcessInitializeOnLoadAttributes (282ms)
				ProcessInitializeOnLoadMethodAttributes (5ms)
				AfterProcessingInitializeOnLoad (10ms)
				EditorAssembliesLoaded (0ms)
			ExecutionOrderSort2 (0ms)
			AwakeInstancesAfterBackupRestoration (7ms)
Platform modules already initialized, skipping
Refreshing native plugins compatible for Editor in 0.32 ms, found 2 plugins.
Preloading 0 native plugins for Editor in 0.00 ms.
Unloading 1396 Unused Serialized files (Serialized files now loaded: 0)
System memory in use before: 68.4 MB.
System memory in use after: 68.5 MB.

Unloading 11 unused Assets to reduce memory usage. Loaded Objects now: 1857.
Total: 2.785200 ms (FindLiveObjects: 0.137800 ms CreateObjectMapping: 0.047000 ms MarkObjects: 2.583200 ms  DeleteObjects: 0.015900 ms)

AssetImportParameters requested are different than current active one (requested -> active):
  custom:framework-win-MediaFoundation: 216162199b28c13a410421893ffa2e32 -> 
  custom:video-decoder-ogg-theora: a1e56fd34408186e4bbccfd4996cb3dc -> 
  custom:container-muxer-webm: aa71ff27fc2769a1b78a27578f13a17b -> 
  custom:container-demuxer-webm: 4f35f7cbe854078d1ac9338744f61a02 -> 
  custom:container-demuxer-ogg: 62fdf1f143b41e24485cea50d1cbac27 -> 
  custom:video-encoder-webm-vp8: eb34c28f22e8b96e1ab97ce403110664 -> 
  custom:video-decoder-webm-vp8: 9c59270c3fd7afecdb556c50c9e8de78 -> 
  custom:audio-decoder-ogg-vorbis: bf7c407c2cedff20999df2af8eb42d56 -> 
  custom:audio-encoder-webm-vorbis: bf7c407c2cedff20999df2af8eb42d56 -> 
========================================================================
Received Prepare
Registering precompiled user dll's ...
Registered in 0.002923 seconds.
Begin MonoManager ReloadAssembly
Native extension for WindowsStandalone target not found
Native extension for WebGL target not found
Refreshing native plugins compatible for Editor in 0.33 ms, found 2 plugins.
Preloading 0 native plugins for Editor in 0.00 ms.
Mono: successfully reloaded assembly
- Completed reload, in  1.117 seconds
Domain Reload Profiling:
	ReloadAssembly (1117ms)
		BeginReloadAssembly (136ms)
			ExecutionOrderSort (0ms)
			DisableScriptedObjects (5ms)
			BackupInstance (0ms)
			ReleaseScriptingObjects (0ms)
			CreateAndSetChildDomain (40ms)
		EndReloadAssembly (861ms)
			LoadAssemblies (102ms)
			RebuildTransferFunctionScriptingTraits (0ms)
			SetupTypeCache (296ms)
			ReleaseScriptCaches (1ms)
			RebuildScriptCaches (49ms)
			SetupLoadedEditorAssemblies (307ms)
				LogAssemblyErrors (0ms)
				InitializePlatformSupportModulesInManaged (7ms)
				SetLoadedEditorAssemblies (1ms)
				RefreshPlugins (0ms)
				BeforeProcessingInitializeOnLoad (81ms)
				ProcessInitializeOnLoadAttributes (208ms)
				ProcessInitializeOnLoadMethodAttributes (4ms)
				AfterProcessingInitializeOnLoad (7ms)
				EditorAssembliesLoaded (0ms)
			ExecutionOrderSort2 (0ms)
			AwakeInstancesAfterBackupRestoration (7ms)
Platform modules already initialized, skipping
Refreshing native plugins compatible for Editor in 0.35 ms, found 2 plugins.
Preloading 0 native plugins for Editor in 0.00 ms.
Unloading 1396 Unused Serialized files (Serialized files now loaded: 0)
System memory in use before: 68.4 MB.
System memory in use after: 68.5 MB.

Unloading 11 unused Assets to reduce memory usage. Loaded Objects now: 1859.
Total: 3.584100 ms (FindLiveObjects: 0.159200 ms CreateObjectMapping: 0.051900 ms MarkObjects: 3.344900 ms  DeleteObjects: 0.026000 ms)

AssetImportParameters requested are different than current active one (requested -> active):
  custom:framework-win-MediaFoundation: 216162199b28c13a410421893ffa2e32 -> 
  custom:video-decoder-ogg-theora: a1e56fd34408186e4bbccfd4996cb3dc -> 
  custom:container-muxer-webm: aa71ff27fc2769a1b78a27578f13a17b -> 
  custom:container-demuxer-webm: 4f35f7cbe854078d1ac9338744f61a02 -> 
  custom:container-demuxer-ogg: 62fdf1f143b41e24485cea50d1cbac27 -> 
  custom:video-encoder-webm-vp8: eb34c28f22e8b96e1ab97ce403110664 -> 
  custom:video-decoder-webm-vp8: 9c59270c3fd7afecdb556c50c9e8de78 -> 
  custom:audio-decoder-ogg-vorbis: bf7c407c2cedff20999df2af8eb42d56 -> 
  custom:audio-encoder-webm-vorbis: bf7c407c2cedff20999df2af8eb42d56 -> 
========================================================================
Received Prepare
Registering precompiled user dll's ...
Registered in 0.002979 seconds.
Begin MonoManager ReloadAssembly
Native extension for WindowsStandalone target not found
Native extension for WebGL target not found
Refreshing native plugins compatible for Editor in 0.51 ms, found 2 plugins.
Preloading 0 native plugins for Editor in 0.00 ms.
Mono: successfully reloaded assembly
- Completed reload, in  1.041 seconds
Domain Reload Profiling:
	ReloadAssembly (1042ms)
		BeginReloadAssembly (115ms)
			ExecutionOrderSort (0ms)
			DisableScriptedObjects (5ms)
			BackupInstance (0ms)
			ReleaseScriptingObjects (0ms)
			CreateAndSetChildDomain (33ms)
		EndReloadAssembly (855ms)
			LoadAssemblies (98ms)
			RebuildTransferFunctionScriptingTraits (0ms)
			SetupTypeCache (288ms)
			ReleaseScriptCaches (1ms)
			RebuildScriptCaches (39ms)
			SetupLoadedEditorAssemblies (327ms)
				LogAssemblyErrors (0ms)
				InitializePlatformSupportModulesInManaged (7ms)
				SetLoadedEditorAssemblies (1ms)
				RefreshPlugins (5ms)
				BeforeProcessingInitializeOnLoad (79ms)
				ProcessInitializeOnLoadAttributes (224ms)
				ProcessInitializeOnLoadMethodAttributes (4ms)
				AfterProcessingInitializeOnLoad (7ms)
				EditorAssembliesLoaded (0ms)
			ExecutionOrderSort2 (0ms)
			AwakeInstancesAfterBackupRestoration (8ms)
Platform modules already initialized, skipping
Refreshing native plugins compatible for Editor in 0.74 ms, found 2 plugins.
Preloading 0 native plugins for Editor in 0.00 ms.
Unloading 1396 Unused Serialized files (Serialized files now loaded: 0)
System memory in use before: 68.4 MB.
System memory in use after: 68.5 MB.

Unloading 11 unused Assets to reduce memory usage. Loaded Objects now: 1861.
Total: 2.994400 ms (FindLiveObjects: 0.185700 ms CreateObjectMapping: 0.048300 ms MarkObjects: 2.740700 ms  DeleteObjects: 0.017700 ms)

AssetImportParameters requested are different than current active one (requested -> active):
  custom:framework-win-MediaFoundation: 216162199b28c13a410421893ffa2e32 -> 
  custom:video-decoder-ogg-theora: a1e56fd34408186e4bbccfd4996cb3dc -> 
  custom:container-muxer-webm: aa71ff27fc2769a1b78a27578f13a17b -> 
  custom:container-demuxer-webm: 4f35f7cbe854078d1ac9338744f61a02 -> 
  custom:container-demuxer-ogg: 62fdf1f143b41e24485cea50d1cbac27 -> 
  custom:video-encoder-webm-vp8: eb34c28f22e8b96e1ab97ce403110664 -> 
  custom:video-decoder-webm-vp8: 9c59270c3fd7afecdb556c50c9e8de78 -> 
  custom:audio-decoder-ogg-vorbis: bf7c407c2cedff20999df2af8eb42d56 -> 
  custom:audio-encoder-webm-vorbis: bf7c407c2cedff20999df2af8eb42d56 -> 
========================================================================
Received Prepare
Refreshing native plugins compatible for Editor in 3.91 ms, found 2 plugins.
Preloading 0 native plugins for Editor in 0.00 ms.
Unloading 9 Unused Serialized files (Serialized files now loaded: 0)
System memory in use before: 41.0 MB.
System memory in use after: 41.1 MB.

Unloading 9 unused Assets to reduce memory usage. Loaded Objects now: 1861.
Total: 5.229200 ms (FindLiveObjects: 0.288100 ms CreateObjectMapping: 0.098500 ms MarkObjects: 4.818100 ms  DeleteObjects: 0.023000 ms)

AssetImportParameters requested are different than current active one (requested -> active):
  custom:framework-win-MediaFoundation: 216162199b28c13a410421893ffa2e32 -> 
  custom:video-decoder-ogg-theora: a1e56fd34408186e4bbccfd4996cb3dc -> 
  custom:container-muxer-webm: aa71ff27fc2769a1b78a27578f13a17b -> 
  custom:container-demuxer-webm: 4f35f7cbe854078d1ac9338744f61a02 -> 
  custom:container-demuxer-ogg: 62fdf1f143b41e24485cea50d1cbac27 -> 
  custom:video-encoder-webm-vp8: eb34c28f22e8b96e1ab97ce403110664 -> 
  custom:video-decoder-webm-vp8: 9c59270c3fd7afecdb556c50c9e8de78 -> 
  custom:audio-decoder-ogg-vorbis: bf7c407c2cedff20999df2af8eb42d56 -> 
  custom:audio-encoder-webm-vorbis: bf7c407c2cedff20999df2af8eb42d56 -> 
========================================================================
Received Prepare
Registering precompiled user dll's ...
Registered in 0.003120 seconds.
Begin MonoManager ReloadAssembly
Native extension for WindowsStandalone target not found
Native extension for WebGL target not found
Refreshing native plugins compatible for Editor in 0.30 ms, found 2 plugins.
Preloading 0 native plugins for Editor in 0.00 ms.
Mono: successfully reloaded assembly
- Completed reload, in  1.097 seconds
Domain Reload Profiling:
	ReloadAssembly (1097ms)
		BeginReloadAssembly (154ms)
			ExecutionOrderSort (0ms)
			DisableScriptedObjects (6ms)
			BackupInstance (0ms)
			ReleaseScriptingObjects (0ms)
			CreateAndSetChildDomain (44ms)
		EndReloadAssembly (843ms)
			LoadAssemblies (116ms)
			RebuildTransferFunctionScriptingTraits (0ms)
			SetupTypeCache (311ms)
			ReleaseScriptCaches (1ms)
			RebuildScriptCaches (42ms)
			SetupLoadedEditorAssemblies (294ms)
				LogAssemblyErrors (0ms)
				InitializePlatformSupportModulesInManaged (6ms)
				SetLoadedEditorAssemblies (0ms)
				RefreshPlugins (0ms)
				BeforeProcessingInitializeOnLoad (75ms)
				ProcessInitializeOnLoadAttributes (201ms)
				ProcessInitializeOnLoadMethodAttributes (4ms)
				AfterProcessingInitializeOnLoad (6ms)
				EditorAssembliesLoaded (0ms)
			ExecutionOrderSort2 (0ms)
			AwakeInstancesAfterBackupRestoration (7ms)
Platform modules already initialized, skipping
Refreshing native plugins compatible for Editor in 0.37 ms, found 2 plugins.
Preloading 0 native plugins for Editor in 0.00 ms.
Unloading 1396 Unused Serialized files (Serialized files now loaded: 0)
System memory in use before: 68.4 MB.
System memory in use after: 68.5 MB.

Unloading 11 unused Assets to reduce memory usage. Loaded Objects now: 1863.
Total: 6.753500 ms (FindLiveObjects: 1.013700 ms CreateObjectMapping: 0.155600 ms MarkObjects: 5.548000 ms  DeleteObjects: 0.033400 ms)

AssetImportParameters requested are different than current active one (requested -> active):
  custom:framework-win-MediaFoundation: 216162199b28c13a410421893ffa2e32 -> 
  custom:video-decoder-ogg-theora: a1e56fd34408186e4bbccfd4996cb3dc -> 
  custom:container-muxer-webm: aa71ff27fc2769a1b78a27578f13a17b -> 
  custom:container-demuxer-webm: 4f35f7cbe854078d1ac9338744f61a02 -> 
  custom:container-demuxer-ogg: 62fdf1f143b41e24485cea50d1cbac27 -> 
  custom:video-encoder-webm-vp8: eb34c28f22e8b96e1ab97ce403110664 -> 
  custom:video-decoder-webm-vp8: 9c59270c3fd7afecdb556c50c9e8de78 -> 
  custom:audio-decoder-ogg-vorbis: bf7c407c2cedff20999df2af8eb42d56 -> 
  custom:audio-encoder-webm-vorbis: bf7c407c2cedff20999df2af8eb42d56 -> 
========================================================================
Received Prepare
Registering precompiled user dll's ...
Registered in 0.003315 seconds.
Begin MonoManager ReloadAssembly
Native extension for WindowsStandalone target not found
Native extension for WebGL target not found
Refreshing native plugins compatible for Editor in 0.37 ms, found 2 plugins.
Preloading 0 native plugins for Editor in 0.00 ms.
Mono: successfully reloaded assembly
- Completed reload, in  1.044 seconds
Domain Reload Profiling:
	ReloadAssembly (1045ms)
		BeginReloadAssembly (127ms)
			ExecutionOrderSort (0ms)
			DisableScriptedObjects (5ms)
			BackupInstance (0ms)
			ReleaseScriptingObjects (0ms)
			CreateAndSetChildDomain (36ms)
		EndReloadAssembly (846ms)
			LoadAssemblies (102ms)
			RebuildTransferFunctionScriptingTraits (0ms)
			SetupTypeCache (297ms)
			ReleaseScriptCaches (1ms)
			RebuildScriptCaches (42ms)
			SetupLoadedEditorAssemblies (311ms)
				LogAssemblyErrors (0ms)
				InitializePlatformSupportModulesInManaged (8ms)
				SetLoadedEditorAssemblies (1ms)
				RefreshPlugins (0ms)
				BeforeProcessingInitializeOnLoad (82ms)
				ProcessInitializeOnLoadAttributes (209ms)
				ProcessInitializeOnLoadMethodAttributes (4ms)
				AfterProcessingInitializeOnLoad (7ms)
				EditorAssembliesLoaded (0ms)
			ExecutionOrderSort2 (0ms)
			AwakeInstancesAfterBackupRestoration (7ms)
Platform modules already initialized, skipping
Refreshing native plugins compatible for Editor in 0.31 ms, found 2 plugins.
Preloading 0 native plugins for Editor in 0.00 ms.
Unloading 1396 Unused Serialized files (Serialized files now loaded: 0)
System memory in use before: 68.5 MB.
System memory in use after: 68.6 MB.

Unloading 11 unused Assets to reduce memory usage. Loaded Objects now: 1865.
Total: 3.208900 ms (FindLiveObjects: 0.177100 ms CreateObjectMapping: 0.058200 ms MarkObjects: 2.952200 ms  DeleteObjects: 0.019200 ms)

AssetImportParameters requested are different than current active one (requested -> active):
  custom:framework-win-MediaFoundation: 216162199b28c13a410421893ffa2e32 -> 
  custom:video-decoder-ogg-theora: a1e56fd34408186e4bbccfd4996cb3dc -> 
  custom:container-muxer-webm: aa71ff27fc2769a1b78a27578f13a17b -> 
  custom:container-demuxer-webm: 4f35f7cbe854078d1ac9338744f61a02 -> 
  custom:container-demuxer-ogg: 62fdf1f143b41e24485cea50d1cbac27 -> 
  custom:video-encoder-webm-vp8: eb34c28f22e8b96e1ab97ce403110664 -> 
  custom:video-decoder-webm-vp8: 9c59270c3fd7afecdb556c50c9e8de78 -> 
  custom:audio-decoder-ogg-vorbis: bf7c407c2cedff20999df2af8eb42d56 -> 
  custom:audio-encoder-webm-vorbis: bf7c407c2cedff20999df2af8eb42d56 -> 
========================================================================
Received Import Request.
  Time since last request: 1636.956888 seconds.
  path: Assets/Animation/@untitled.fbx
  artifactKey: Guid(e7eb3ef0192fed3469f8649e256a67a7) Importer(815301076,1909f56bfc062723c751e8b465ee728b)
Start importing Assets/Animation/@untitled.fbx using Guid(e7eb3ef0192fed3469f8649e256a67a7) Importer(815301076,1909f56bfc062723c751e8b465ee728b)  -> (artifact id: 'e9be756c2064302c0ece212920e5be6c') in 0.220989 seconds 
  Import took 0.227067 seconds .

========================================================================
Received Import Request.
  Time since last request: 96.196418 seconds.
  path: Assets/modelstest/cub (2).blend
  artifactKey: Guid(dfce10232e6a2e74caa27dcbdac8a453) Importer(815301076,1909f56bfc062723c751e8b465ee728b)
Start importing Assets/modelstest/cub (2).blend using Guid(dfce10232e6a2e74caa27dcbdac8a453) Importer(815301076,1909f56bfc062723c751e8b465ee728b)  -> (artifact id: '718d1c2f9fd92c62f3fd2a377768096e') in 0.044582 seconds 
  Import took 0.049369 seconds .

========================================================================
Received Import Request.
  Time since last request: 17.152323 seconds.
  path: Assets/Animation/2222.controller
  artifactKey: Guid(1f40048484c2f064d9c5b9cfc0574f61) Importer(815301076,1909f56bfc062723c751e8b465ee728b)
Start importing Assets/Animation/2222.controller using Guid(1f40048484c2f064d9c5b9cfc0574f61) Importer(815301076,1909f56bfc062723c751e8b465ee728b)  -> (artifact id: '913a8ab8fe70b96166fd609e6acfa905') in 0.012966 seconds 
  Import took 0.016170 seconds .

========================================================================
Received Prepare
Registering precompiled user dll's ...
Registered in 0.004128 seconds.
Begin MonoManager ReloadAssembly
Native extension for WindowsStandalone target not found
Native extension for WebGL target not found
Refreshing native plugins compatible for Editor in 0.73 ms, found 2 plugins.
Preloading 0 native plugins for Editor in 0.00 ms.
Mono: successfully reloaded assembly
- Completed reload, in  2.379 seconds
Domain Reload Profiling:
	ReloadAssembly (2380ms)
		BeginReloadAssembly (229ms)
			ExecutionOrderSort (0ms)
			DisableScriptedObjects (9ms)
			BackupInstance (0ms)
			ReleaseScriptingObjects (0ms)
			CreateAndSetChildDomain (71ms)
		EndReloadAssembly (2032ms)
			LoadAssemblies (188ms)
			RebuildTransferFunctionScriptingTraits (0ms)
			SetupTypeCache (872ms)
			ReleaseScriptCaches (2ms)
			RebuildScriptCaches (99ms)
			SetupLoadedEditorAssemblies (651ms)
				LogAssemblyErrors (0ms)
				InitializePlatformSupportModulesInManaged (15ms)
				SetLoadedEditorAssemblies (2ms)
				RefreshPlugins (1ms)
				BeforeProcessingInitializeOnLoad (162ms)
				ProcessInitializeOnLoadAttributes (446ms)
				ProcessInitializeOnLoadMethodAttributes (10ms)
				AfterProcessingInitializeOnLoad (15ms)
				EditorAssembliesLoaded (1ms)
			ExecutionOrderSort2 (0ms)
			AwakeInstancesAfterBackupRestoration (18ms)
Platform modules already initialized, skipping
Refreshing native plugins compatible for Editor in 0.69 ms, found 2 plugins.
Preloading 0 native plugins for Editor in 0.00 ms.
Unloading 1396 Unused Serialized files (Serialized files now loaded: 0)
System memory in use before: 68.8 MB.
System memory in use after: 69.0 MB.

Unloading 11 unused Assets to reduce memory usage. Loaded Objects now: 1904.
Total: 4.703300 ms (FindLiveObjects: 0.251800 ms CreateObjectMapping: 0.068900 ms MarkObjects: 4.350800 ms  DeleteObjects: 0.027900 ms)

AssetImportParameters requested are different than current active one (requested -> active):
  custom:framework-win-MediaFoundation: 216162199b28c13a410421893ffa2e32 -> 
  custom:video-decoder-ogg-theora: a1e56fd34408186e4bbccfd4996cb3dc -> 
  custom:container-muxer-webm: aa71ff27fc2769a1b78a27578f13a17b -> 
  custom:container-demuxer-webm: 4f35f7cbe854078d1ac9338744f61a02 -> 
  custom:container-demuxer-ogg: 62fdf1f143b41e24485cea50d1cbac27 -> 
  custom:video-encoder-webm-vp8: eb34c28f22e8b96e1ab97ce403110664 -> 
  custom:video-decoder-webm-vp8: 9c59270c3fd7afecdb556c50c9e8de78 -> 
  custom:audio-decoder-ogg-vorbis: bf7c407c2cedff20999df2af8eb42d56 -> 
  custom:audio-encoder-webm-vorbis: bf7c407c2cedff20999df2af8eb42d56 -> 
========================================================================
Received Import Request.
  Time since last request: 42.874340 seconds.
  path: Assets/Animation/@untitled.fbx
  artifactKey: Guid(e7eb3ef0192fed3469f8649e256a67a7) Importer(815301076,1909f56bfc062723c751e8b465ee728b)
Start importing Assets/Animation/@untitled.fbx using Guid(e7eb3ef0192fed3469f8649e256a67a7) Importer(815301076,1909f56bfc062723c751e8b465ee728b)  -> (artifact id: '6393bdbc5d51ac16243cd7d5da6131fa') in 0.165014 seconds 
  Import took 0.170028 seconds .

========================================================================
Received Import Request.
  Time since last request: 190.953489 seconds.
  path: Assets/Animation/@no1nm.fbx
  artifactKey: Guid(8f97723fdb45b264ebd8673f585ff3c5) Importer(815301076,1909f56bfc062723c751e8b465ee728b)
Start importing Assets/Animation/@no1nm.fbx using Guid(8f97723fdb45b264ebd8673f585ff3c5) Importer(815301076,1909f56bfc062723c751e8b465ee728b)  -> (artifact id: '98b12b2b5984a862c22f8f207433e1bc') in 0.027414 seconds 
  Import took 0.031691 seconds .

========================================================================
Received Import Request.
  Time since last request: 241.530078 seconds.
  path: Assets/Materials/New Material.mat
  artifactKey: Guid(2f72fdc1d9096b64cb64bb567552d11e) Importer(815301076,1909f56bfc062723c751e8b465ee728b)
Start importing Assets/Materials/New Material.mat using Guid(2f72fdc1d9096b64cb64bb567552d11e) Importer(815301076,1909f56bfc062723c751e8b465ee728b)  -> (artifact id: 'e33c6dcd1c2123de75605cd67de41d86') in 0.047442 seconds 
  Import took 0.051277 seconds .

========================================================================
Received Prepare
Registering precompiled user dll's ...
Registered in 0.003196 seconds.
Begin MonoManager ReloadAssembly
Native extension for WindowsStandalone target not found
Native extension for WebGL target not found
Refreshing native plugins compatible for Editor in 0.34 ms, found 2 plugins.
Preloading 0 native plugins for Editor in 0.00 ms.
Mono: successfully reloaded assembly
- Completed reload, in  1.038 seconds
Domain Reload Profiling:
	ReloadAssembly (1038ms)
		BeginReloadAssembly (128ms)
			ExecutionOrderSort (0ms)
			DisableScriptedObjects (5ms)
			BackupInstance (0ms)
			ReleaseScriptingObjects (0ms)
			CreateAndSetChildDomain (37ms)
		EndReloadAssembly (843ms)
			LoadAssemblies (103ms)
			RebuildTransferFunctionScriptingTraits (0ms)
			SetupTypeCache (290ms)
			ReleaseScriptCaches (1ms)
			RebuildScriptCaches (40ms)
			SetupLoadedEditorAssemblies (317ms)
				LogAssemblyErrors (0ms)
				InitializePlatformSupportModulesInManaged (7ms)
				SetLoadedEditorAssemblies (0ms)
				RefreshPlugins (0ms)
				BeforeProcessingInitializeOnLoad (76ms)
				ProcessInitializeOnLoadAttributes (223ms)
				ProcessInitializeOnLoadMethodAttributes (4ms)
				AfterProcessingInitializeOnLoad (7ms)
				EditorAssembliesLoaded (0ms)
			ExecutionOrderSort2 (0ms)
			AwakeInstancesAfterBackupRestoration (8ms)
Platform modules already initialized, skipping
Refreshing native plugins compatible for Editor in 0.38 ms, found 2 plugins.
Preloading 0 native plugins for Editor in 0.00 ms.
Unloading 1396 Unused Serialized files (Serialized files now loaded: 0)
System memory in use before: 68.9 MB.
System memory in use after: 69.0 MB.

Unloading 12 unused Assets to reduce memory usage. Loaded Objects now: 1907.
Total: 3.350800 ms (FindLiveObjects: 0.148300 ms CreateObjectMapping: 0.047100 ms MarkObjects: 3.129300 ms  DeleteObjects: 0.024900 ms)

AssetImportParameters requested are different than current active one (requested -> active):
  custom:framework-win-MediaFoundation: 216162199b28c13a410421893ffa2e32 -> 
  custom:video-decoder-ogg-theora: a1e56fd34408186e4bbccfd4996cb3dc -> 
  custom:container-muxer-webm: aa71ff27fc2769a1b78a27578f13a17b -> 
  custom:container-demuxer-webm: 4f35f7cbe854078d1ac9338744f61a02 -> 
  custom:container-demuxer-ogg: 62fdf1f143b41e24485cea50d1cbac27 -> 
  custom:video-encoder-webm-vp8: eb34c28f22e8b96e1ab97ce403110664 -> 
  custom:video-decoder-webm-vp8: 9c59270c3fd7afecdb556c50c9e8de78 -> 
  custom:audio-decoder-ogg-vorbis: bf7c407c2cedff20999df2af8eb42d56 -> 
  custom:audio-encoder-webm-vorbis: bf7c407c2cedff20999df2af8eb42d56 -> 
========================================================================
Received Prepare
Registering precompiled user dll's ...
Registered in 0.002971 seconds.
Begin MonoManager ReloadAssembly
Native extension for WindowsStandalone target not found
Native extension for WebGL target not found
Refreshing native plugins compatible for Editor in 0.34 ms, found 2 plugins.
Preloading 0 native plugins for Editor in 0.00 ms.
Mono: successfully reloaded assembly
- Completed reload, in  1.084 seconds
Domain Reload Profiling:
	ReloadAssembly (1085ms)
		BeginReloadAssembly (141ms)
			ExecutionOrderSort (0ms)
			DisableScriptedObjects (7ms)
			BackupInstance (0ms)
			ReleaseScriptingObjects (0ms)
			CreateAndSetChildDomain (37ms)
		EndReloadAssembly (869ms)
			LoadAssemblies (108ms)
			RebuildTransferFunctionScriptingTraits (0ms)
			SetupTypeCache (291ms)
			ReleaseScriptCaches (1ms)
			RebuildScriptCaches (44ms)
			SetupLoadedEditorAssemblies (326ms)
				LogAssemblyErrors (0ms)
				InitializePlatformSupportModulesInManaged (6ms)
				SetLoadedEditorAssemblies (1ms)
				RefreshPlugins (0ms)
				BeforeProcessingInitializeOnLoad (80ms)
				ProcessInitializeOnLoadAttributes (225ms)
				ProcessInitializeOnLoadMethodAttributes (4ms)
				AfterProcessingInitializeOnLoad (9ms)
				EditorAssembliesLoaded (1ms)
			ExecutionOrderSort2 (0ms)
			AwakeInstancesAfterBackupRestoration (10ms)
Platform modules already initialized, skipping
Refreshing native plugins compatible for Editor in 0.35 ms, found 2 plugins.
Preloading 0 native plugins for Editor in 0.00 ms.
Unloading 1396 Unused Serialized files (Serialized files now loaded: 0)
System memory in use before: 68.9 MB.
System memory in use after: 69.0 MB.

Unloading 11 unused Assets to reduce memory usage. Loaded Objects now: 1909.
Total: 2.896400 ms (FindLiveObjects: 0.152900 ms CreateObjectMapping: 0.073500 ms MarkObjects: 2.652100 ms  DeleteObjects: 0.016500 ms)

AssetImportParameters requested are different than current active one (requested -> active):
  custom:framework-win-MediaFoundation: 216162199b28c13a410421893ffa2e32 -> 
  custom:video-decoder-ogg-theora: a1e56fd34408186e4bbccfd4996cb3dc -> 
  custom:container-muxer-webm: aa71ff27fc2769a1b78a27578f13a17b -> 
  custom:container-demuxer-webm: 4f35f7cbe854078d1ac9338744f61a02 -> 
  custom:container-demuxer-ogg: 62fdf1f143b41e24485cea50d1cbac27 -> 
  custom:video-encoder-webm-vp8: eb34c28f22e8b96e1ab97ce403110664 -> 
  custom:video-decoder-webm-vp8: 9c59270c3fd7afecdb556c50c9e8de78 -> 
  custom:audio-decoder-ogg-vorbis: bf7c407c2cedff20999df2af8eb42d56 -> 
  custom:audio-encoder-webm-vorbis: bf7c407c2cedff20999df2af8eb42d56 -> 
AssetImportWorkerClient::OnTransportError - code=2 error=End of file
