Using pre-set license
Built from '2020.3/staging' branch; Version is '2020.3.19f1 (68f137dc9bbe) revision 6877495'; Using compiler version '192528614'; Build Type 'Release'
OS: 'Windows 10 Pro; OS build 19043.1165; Version 2009; 64bit' Language: 'ru' Physical Memory: 8076 MB
BatchMode: 1, IsHumanControllingUs: 0, StartBugReporterOnCrash: 0, Is64bit: 1, IsPro: 0

COMMAND LINE ARGUMENTS:
C:\Program Files\Unity\Hub\Editor\2020.3.19f1\Editor\Unity.exe
-adb2
-batchMode
-noUpm
-name
AssetImportWorker0
-projectPath
C:/tusting/firstexamples/bezsmisla
-logFile
Logs/AssetImportWorker0.log
-srvPort
51521
Successfully changed project path to: C:/tusting/firstexamples/bezsmisla
C:/tusting/firstexamples/bezsmisla
Using Asset Import Pipeline V2.
Refreshing native plugins compatible for Editor in 36.09 ms, found 2 plugins.
Preloading 0 native plugins for Editor in 0.00 ms.
Initialize engine version: 2020.3.19f1 (68f137dc9bbe)
[Subsystems] Discovering subsystems at path C:/Program Files/Unity/Hub/Editor/2020.3.19f1/Editor/Data/Resources/UnitySubsystems
[Subsystems] Discovering subsystems at path C:/tusting/firstexamples/bezsmisla/Assets
GfxDevice: creating device client; threaded=0
Direct3D:
    Version:  Direct3D 11.0 [level 11.1]
    Renderer: NVIDIA GeForce MX150 (ID=0x1d12)
    Vendor:   
    VRAM:     1983 MB
    Driver:   30.0.14.7111
Initialize mono
Mono path[0] = 'C:/Program Files/Unity/Hub/Editor/2020.3.19f1/Editor/Data/Managed'
Mono path[1] = 'C:/Program Files/Unity/Hub/Editor/2020.3.19f1/Editor/Data/MonoBleedingEdge/lib/mono/unityjit'
Mono config path = 'C:/Program Files/Unity/Hub/Editor/2020.3.19f1/Editor/Data/MonoBleedingEdge/etc'
Using monoOptions --debugger-agent=transport=dt_socket,embedding=1,server=y,suspend=n,address=127.0.0.1:56308
Begin MonoManager ReloadAssembly
Registering precompiled unity dll's ...
Register platform support module: C:/Program Files/Unity/Hub/Editor/2020.3.19f1/Editor/Data/PlaybackEngines/WebGLSupport/UnityEditor.WebGL.Extensions.dll
Register platform support module: C:/Program Files/Unity/Hub/Editor/2020.3.19f1/Editor/Data/PlaybackEngines/WindowsStandaloneSupport/UnityEditor.WindowsStandalone.Extensions.dll
Registered in 0.002519 seconds.
Native extension for WindowsStandalone target not found
Native extension for WebGL target not found
Refreshing native plugins compatible for Editor in 31.75 ms, found 2 plugins.
Preloading 0 native plugins for Editor in 0.00 ms.
Mono: successfully reloaded assembly
- Completed reload, in  2.196 seconds
Domain Reload Profiling:
	ReloadAssembly (2197ms)
		BeginReloadAssembly (71ms)
			ExecutionOrderSort (0ms)
			DisableScriptedObjects (0ms)
			BackupInstance (0ms)
			ReleaseScriptingObjects (0ms)
			CreateAndSetChildDomain (1ms)
		EndReloadAssembly (480ms)
			LoadAssemblies (68ms)
			RebuildTransferFunctionScriptingTraits (0ms)
			SetupTypeCache (178ms)
			ReleaseScriptCaches (0ms)
			RebuildScriptCaches (40ms)
			SetupLoadedEditorAssemblies (183ms)
				LogAssemblyErrors (0ms)
				InitializePlatformSupportModulesInManaged (6ms)
				SetLoadedEditorAssemblies (0ms)
				RefreshPlugins (32ms)
				BeforeProcessingInitializeOnLoad (23ms)
				ProcessInitializeOnLoadAttributes (90ms)
				ProcessInitializeOnLoadMethodAttributes (31ms)
				AfterProcessingInitializeOnLoad (0ms)
				EditorAssembliesLoaded (0ms)
			ExecutionOrderSort2 (0ms)
			AwakeInstancesAfterBackupRestoration (0ms)
Platform modules already initialized, skipping
Registering precompiled user dll's ...
Registered in 0.003261 seconds.
Begin MonoManager ReloadAssembly
Native extension for WindowsStandalone target not found
Native extension for WebGL target not found
Refreshing native plugins compatible for Editor in 0.42 ms, found 2 plugins.
Preloading 0 native plugins for Editor in 0.00 ms.
Mono: successfully reloaded assembly
- Completed reload, in  1.284 seconds
Domain Reload Profiling:
	ReloadAssembly (1285ms)
		BeginReloadAssembly (181ms)
			ExecutionOrderSort (0ms)
			DisableScriptedObjects (5ms)
			BackupInstance (0ms)
			ReleaseScriptingObjects (0ms)
			CreateAndSetChildDomain (22ms)
		EndReloadAssembly (1031ms)
			LoadAssemblies (105ms)
			RebuildTransferFunctionScriptingTraits (0ms)
			SetupTypeCache (335ms)
			ReleaseScriptCaches (1ms)
			RebuildScriptCaches (49ms)
			SetupLoadedEditorAssemblies (432ms)
				LogAssemblyErrors (0ms)
				InitializePlatformSupportModulesInManaged (7ms)
				SetLoadedEditorAssemblies (1ms)
				RefreshPlugins (0ms)
				BeforeProcessingInitializeOnLoad (158ms)
				ProcessInitializeOnLoadAttributes (254ms)
				ProcessInitializeOnLoadMethodAttributes (5ms)
				AfterProcessingInitializeOnLoad (7ms)
				EditorAssembliesLoaded (0ms)
			ExecutionOrderSort2 (0ms)
			AwakeInstancesAfterBackupRestoration (7ms)
Platform modules already initialized, skipping
========================================================================
Worker process is ready to serve import requests
Launched and connected shader compiler UnityShaderCompiler.exe after 0.11 seconds
Refreshing native plugins compatible for Editor in 0.48 ms, found 2 plugins.
Preloading 0 native plugins for Editor in 0.00 ms.
Unloading 1405 Unused Serialized files (Serialized files now loaded: 0)
System memory in use before: 65.4 MB.
System memory in use after: 65.4 MB.

Unloading 16 unused Assets to reduce memory usage. Loaded Objects now: 1841.
Total: 3.590400 ms (FindLiveObjects: 0.157900 ms CreateObjectMapping: 0.048800 ms MarkObjects: 3.265800 ms  DeleteObjects: 0.115800 ms)

AssetImportParameters requested are different than current active one (requested -> active):
  custom:framework-win-MediaFoundation: 216162199b28c13a410421893ffa2e32 -> 
  custom:video-decoder-ogg-theora: a1e56fd34408186e4bbccfd4996cb3dc -> 
  custom:container-muxer-webm: aa71ff27fc2769a1b78a27578f13a17b -> 
  custom:container-demuxer-webm: 4f35f7cbe854078d1ac9338744f61a02 -> 
  custom:container-demuxer-ogg: 62fdf1f143b41e24485cea50d1cbac27 -> 
  custom:video-encoder-webm-vp8: eb34c28f22e8b96e1ab97ce403110664 -> 
  custom:video-decoder-webm-vp8: 9c59270c3fd7afecdb556c50c9e8de78 -> 
  custom:audio-decoder-ogg-vorbis: bf7c407c2cedff20999df2af8eb42d56 -> 
  custom:audio-encoder-webm-vorbis: bf7c407c2cedff20999df2af8eb42d56 -> 
========================================================================
Received Import Request.
  path: Assets/Scenes/SampleScene.unity
  artifactKey: Guid(9fc0d4010bbf28b4594072e72b8655ab) Importer(815301076,1909f56bfc062723c751e8b465ee728b)
Start importing Assets/Scenes/SampleScene.unity using Guid(9fc0d4010bbf28b4594072e72b8655ab) Importer(815301076,1909f56bfc062723c751e8b465ee728b)  -> (artifact id: 'ddfeedf749ca0d995793544083d3c3b3') in 0.014055 seconds 
  Import took 0.016896 seconds .

========================================================================
Received Import Request.
  Time since last request: 3.517024 seconds.
  path: Assets/Scenes/SampleScene 1.unity
  artifactKey: Guid(ba795ca4640b68f43b007a295d0d8059) Importer(815301076,1909f56bfc062723c751e8b465ee728b)
Start importing Assets/Scenes/SampleScene 1.unity using Guid(ba795ca4640b68f43b007a295d0d8059) Importer(815301076,1909f56bfc062723c751e8b465ee728b)  -> (artifact id: '9040d817355c148a946a6bbfdd4cce88') in 0.016398 seconds 
  Import took 0.021122 seconds .

========================================================================
Received Import Request.
  Time since last request: 104.543982 seconds.
  path: Assets/Prefabs/PlatformFix (2) 1.prefab
  artifactKey: Guid(f999c40df35f2064d96f1937fd321613) Importer(815301076,1909f56bfc062723c751e8b465ee728b)
Start importing Assets/Prefabs/PlatformFix (2) 1.prefab using Guid(f999c40df35f2064d96f1937fd321613) Importer(815301076,1909f56bfc062723c751e8b465ee728b)  -> (artifact id: 'e09050098ca8be3b06c70d45259659db') in 0.134571 seconds 
  Import took 0.137241 seconds .

========================================================================
Received Import Request.
  Time since last request: 11.012068 seconds.
  path: Assets/Prefabs/PlatformFix (2) 1.prefab
  artifactKey: Guid(f999c40df35f2064d96f1937fd321613) Importer(815301076,1909f56bfc062723c751e8b465ee728b)
Start importing Assets/Prefabs/PlatformFix (2) 1.prefab using Guid(f999c40df35f2064d96f1937fd321613) Importer(815301076,1909f56bfc062723c751e8b465ee728b)  -> (artifact id: 'a24960bb2276ef89d185f8617e764bca') in 0.021263 seconds 
  Import took 0.026145 seconds .

========================================================================
Received Import Request.
  Time since last request: 0.915891 seconds.
  path: Assets/Prefabs/PlatformFix (2) 1.prefab
  artifactKey: Guid(f999c40df35f2064d96f1937fd321613) Importer(815301076,1909f56bfc062723c751e8b465ee728b)
Start importing Assets/Prefabs/PlatformFix (2) 1.prefab using Guid(f999c40df35f2064d96f1937fd321613) Importer(815301076,1909f56bfc062723c751e8b465ee728b)  -> (artifact id: '00ec7b5940c6a349c1ded3a44431c78e') in 0.015258 seconds 
  Import took 0.019324 seconds .

========================================================================
Received Import Request.
  Time since last request: 0.178210 seconds.
  path: Assets/Prefabs/PlatformFix (2) 1.prefab
  artifactKey: Guid(f999c40df35f2064d96f1937fd321613) Importer(815301076,1909f56bfc062723c751e8b465ee728b)
Start importing Assets/Prefabs/PlatformFix (2) 1.prefab using Guid(f999c40df35f2064d96f1937fd321613) Importer(815301076,1909f56bfc062723c751e8b465ee728b)  -> (artifact id: 'a1a58a614f31074e345ea371a2eaf890') in 0.020259 seconds 
  Import took 0.026379 seconds .

========================================================================
Received Import Request.
  Time since last request: 5.311022 seconds.
  path: Assets/Prefabs/PlatformFix (2) 1.prefab
  artifactKey: Guid(f999c40df35f2064d96f1937fd321613) Importer(815301076,1909f56bfc062723c751e8b465ee728b)
Start importing Assets/Prefabs/PlatformFix (2) 1.prefab using Guid(f999c40df35f2064d96f1937fd321613) Importer(815301076,1909f56bfc062723c751e8b465ee728b)  -> (artifact id: 'ab98304c482b29fda0730fddaf2283c7') in 0.023056 seconds 
  Import took 0.048575 seconds .

========================================================================
Received Import Request.
  Time since last request: 7.461665 seconds.
  path: Assets/Prefabs/PlatformFix (2) 1.prefab
  artifactKey: Guid(f999c40df35f2064d96f1937fd321613) Importer(815301076,1909f56bfc062723c751e8b465ee728b)
Start importing Assets/Prefabs/PlatformFix (2) 1.prefab using Guid(f999c40df35f2064d96f1937fd321613) Importer(815301076,1909f56bfc062723c751e8b465ee728b)  -> (artifact id: '3de8f99948076d1edbeb41b22895494a') in 0.015733 seconds 
  Import took 0.020309 seconds .

========================================================================
Received Import Request.
  Time since last request: 4.193023 seconds.
  path: Assets/Prefabs/PlatformFix (2) 1.prefab
  artifactKey: Guid(f999c40df35f2064d96f1937fd321613) Importer(815301076,1909f56bfc062723c751e8b465ee728b)
Start importing Assets/Prefabs/PlatformFix (2) 1.prefab using Guid(f999c40df35f2064d96f1937fd321613) Importer(815301076,1909f56bfc062723c751e8b465ee728b)  -> (artifact id: 'e748a359bdd741b99a1543571fca819b') in 0.015877 seconds 
  Import took 0.022237 seconds .

========================================================================
Received Import Request.
  Time since last request: 1.919179 seconds.
  path: Assets/Prefabs/PlatformFix (2) 1.prefab
  artifactKey: Guid(f999c40df35f2064d96f1937fd321613) Importer(815301076,1909f56bfc062723c751e8b465ee728b)
Start importing Assets/Prefabs/PlatformFix (2) 1.prefab using Guid(f999c40df35f2064d96f1937fd321613) Importer(815301076,1909f56bfc062723c751e8b465ee728b)  -> (artifact id: 'c3b4ca2d0bc57bcb4ff284b4e2a861e6') in 0.013780 seconds 
  Import took 0.017012 seconds .

========================================================================
Received Import Request.
  Time since last request: 4.608867 seconds.
  path: Assets/Prefabs/PlatformFix (2) 1.prefab
  artifactKey: Guid(f999c40df35f2064d96f1937fd321613) Importer(815301076,1909f56bfc062723c751e8b465ee728b)
Start importing Assets/Prefabs/PlatformFix (2) 1.prefab using Guid(f999c40df35f2064d96f1937fd321613) Importer(815301076,1909f56bfc062723c751e8b465ee728b)  -> (artifact id: 'c34098182eb99b9ece34346026ce90ad') in 0.015218 seconds 
  Import took 0.020529 seconds .

========================================================================
Received Import Request.
  Time since last request: 24.259030 seconds.
  path: Assets/Prefabs/PlatformFix (2) 1.prefab
  artifactKey: Guid(f999c40df35f2064d96f1937fd321613) Importer(815301076,1909f56bfc062723c751e8b465ee728b)
Start importing Assets/Prefabs/PlatformFix (2) 1.prefab using Guid(f999c40df35f2064d96f1937fd321613) Importer(815301076,1909f56bfc062723c751e8b465ee728b)  -> (artifact id: '7ab95e864384273e55b997ba6089eb3c') in 0.025546 seconds 
  Import took 0.028644 seconds .

========================================================================
Received Import Request.
  Time since last request: 7.738085 seconds.
  path: Assets/Prefabs/PlatformFix (2) 1.prefab
  artifactKey: Guid(f999c40df35f2064d96f1937fd321613) Importer(815301076,1909f56bfc062723c751e8b465ee728b)
Start importing Assets/Prefabs/PlatformFix (2) 1.prefab using Guid(f999c40df35f2064d96f1937fd321613) Importer(815301076,1909f56bfc062723c751e8b465ee728b)  -> (artifact id: '9377e12bcd6643480d68dd4eee5e4ec6') in 0.015649 seconds 
  Import took 0.026935 seconds .

========================================================================
Received Import Request.
  Time since last request: 30.808600 seconds.
  path: Assets/Scripts/CoinObj.prefab
  artifactKey: Guid(fd0fb0a9dc002444d8532345f2979e8b) Importer(815301076,1909f56bfc062723c751e8b465ee728b)
Start importing Assets/Scripts/CoinObj.prefab using Guid(fd0fb0a9dc002444d8532345f2979e8b) Importer(815301076,1909f56bfc062723c751e8b465ee728b)  -> (artifact id: 'aeee146f7d871eaf6032b45e768d0c83') in 0.033024 seconds 
  Import took 0.039226 seconds .

========================================================================
Received Import Request.
  Time since last request: 15.011466 seconds.
  path: Assets/Prefabs/PlatformFix (2) 1.prefab
  artifactKey: Guid(f999c40df35f2064d96f1937fd321613) Importer(815301076,1909f56bfc062723c751e8b465ee728b)
Start importing Assets/Prefabs/PlatformFix (2) 1.prefab using Guid(f999c40df35f2064d96f1937fd321613) Importer(815301076,1909f56bfc062723c751e8b465ee728b)  -> (artifact id: '4037ffc2986232112f168eb1be919294') in 0.009473 seconds 
  Import took 0.012560 seconds .

========================================================================
Received Import Request.
  Time since last request: 14.280034 seconds.
  path: Assets/Prefabs/PlatformFix (2) 1.prefab
  artifactKey: Guid(f999c40df35f2064d96f1937fd321613) Importer(815301076,1909f56bfc062723c751e8b465ee728b)
Start importing Assets/Prefabs/PlatformFix (2) 1.prefab using Guid(f999c40df35f2064d96f1937fd321613) Importer(815301076,1909f56bfc062723c751e8b465ee728b)  -> (artifact id: '1793d1f1bd597f2bb33650e9d70380cd') in 0.021478 seconds 
  Import took 0.025473 seconds .

========================================================================
Received Import Request.
  Time since last request: 86.214349 seconds.
  path: Assets/Prefabs/PlatformFix (2) 1.prefab
  artifactKey: Guid(f999c40df35f2064d96f1937fd321613) Importer(815301076,1909f56bfc062723c751e8b465ee728b)
Start importing Assets/Prefabs/PlatformFix (2) 1.prefab using Guid(f999c40df35f2064d96f1937fd321613) Importer(815301076,1909f56bfc062723c751e8b465ee728b)  -> (artifact id: 'dc5ce0da98d429f6ec86945e1d3bb24a') in 0.013035 seconds 
  Import took 0.016785 seconds .

========================================================================
Received Prepare
Registering precompiled user dll's ...
Registered in 0.004425 seconds.
Begin MonoManager ReloadAssembly
Native extension for WindowsStandalone target not found
Native extension for WebGL target not found
Refreshing native plugins compatible for Editor in 0.34 ms, found 2 plugins.
Preloading 0 native plugins for Editor in 0.00 ms.
Mono: successfully reloaded assembly
- Completed reload, in  1.199 seconds
Domain Reload Profiling:
	ReloadAssembly (1199ms)
		BeginReloadAssembly (130ms)
			ExecutionOrderSort (0ms)
			DisableScriptedObjects (5ms)
			BackupInstance (0ms)
			ReleaseScriptingObjects (0ms)
			CreateAndSetChildDomain (36ms)
		EndReloadAssembly (999ms)
			LoadAssemblies (105ms)
			RebuildTransferFunctionScriptingTraits (0ms)
			SetupTypeCache (312ms)
			ReleaseScriptCaches (1ms)
			RebuildScriptCaches (44ms)
			SetupLoadedEditorAssemblies (440ms)
				LogAssemblyErrors (0ms)
				InitializePlatformSupportModulesInManaged (6ms)
				SetLoadedEditorAssemblies (0ms)
				RefreshPlugins (0ms)
				BeforeProcessingInitializeOnLoad (83ms)
				ProcessInitializeOnLoadAttributes (334ms)
				ProcessInitializeOnLoadMethodAttributes (6ms)
				AfterProcessingInitializeOnLoad (9ms)
				EditorAssembliesLoaded (0ms)
			ExecutionOrderSort2 (0ms)
			AwakeInstancesAfterBackupRestoration (10ms)
Platform modules already initialized, skipping
Refreshing native plugins compatible for Editor in 0.33 ms, found 2 plugins.
Preloading 0 native plugins for Editor in 0.00 ms.
Unloading 1399 Unused Serialized files (Serialized files now loaded: 0)
System memory in use before: 68.4 MB.
System memory in use after: 68.5 MB.

Unloading 11 unused Assets to reduce memory usage. Loaded Objects now: 1851.
Total: 4.308500 ms (FindLiveObjects: 0.153400 ms CreateObjectMapping: 0.050300 ms MarkObjects: 4.079600 ms  DeleteObjects: 0.023500 ms)

AssetImportParameters requested are different than current active one (requested -> active):
  custom:framework-win-MediaFoundation: 216162199b28c13a410421893ffa2e32 -> 
  custom:video-decoder-ogg-theora: a1e56fd34408186e4bbccfd4996cb3dc -> 
  custom:container-muxer-webm: aa71ff27fc2769a1b78a27578f13a17b -> 
  custom:container-demuxer-webm: 4f35f7cbe854078d1ac9338744f61a02 -> 
  custom:container-demuxer-ogg: 62fdf1f143b41e24485cea50d1cbac27 -> 
  custom:video-encoder-webm-vp8: eb34c28f22e8b96e1ab97ce403110664 -> 
  custom:video-decoder-webm-vp8: 9c59270c3fd7afecdb556c50c9e8de78 -> 
  custom:audio-decoder-ogg-vorbis: bf7c407c2cedff20999df2af8eb42d56 -> 
  custom:audio-encoder-webm-vorbis: bf7c407c2cedff20999df2af8eb42d56 -> 
AssetImportWorkerClient::OnTransportError - code=2 error=End of file
